2016-10-03T11:40:12.404Z - info: 127.0.0.1 - - [03/Oct/2016:11:40:12 +0000] "GET /v2/areas HTTP/1.1" 400 28 "-" "Mozilla/5.0 (Macintosh; Intel Mac OS X 10_11_6) AppleWebKit/537.36 (KHTML, like Gecko) Postman/4.4.3 Chrome/51.0.2704.103 Electron/1.2.5 Safari/537.36"

2016-10-03T11:40:33.265Z - info: 127.0.0.1 - - [03/Oct/2016:11:40:33 +0000] "GET /v2/areas HTTP/1.1" 200 - "-" "Mozilla/5.0 (Macintosh; Intel Mac OS X 10_11_6) AppleWebKit/537.36 (KHTML, like Gecko) Postman/4.4.3 Chrome/51.0.2704.103 Electron/1.2.5 Safari/537.36"

2016-10-03T11:41:49.883Z - info: 127.0.0.1 - - [03/Oct/2016:11:41:49 +0000] "GET /v2/areas HTTP/1.1" 200 - "-" "Mozilla/5.0 (Macintosh; Intel Mac OS X 10_11_6) AppleWebKit/537.36 (KHTML, like Gecko) Postman/4.4.3 Chrome/51.0.2704.103 Electron/1.2.5 Safari/537.36"

2016-10-03T11:46:24.553Z - info: 127.0.0.1 - - [03/Oct/2016:11:46:24 +0000] "GET /v2/areas HTTP/1.1" - - "-" "Mozilla/5.0 (Macintosh; Intel Mac OS X 10_11_6) AppleWebKit/537.36 (KHTML, like Gecko) Postman/4.4.3 Chrome/51.0.2704.103 Electron/1.2.5 Safari/537.36"

2016-10-03T11:49:52.731Z - info: 127.0.0.1 - - [03/Oct/2016:11:49:52 +0000] "GET /v2/areas HTTP/1.1" - - "-" "Mozilla/5.0 (Macintosh; Intel Mac OS X 10_11_6) AppleWebKit/537.36 (KHTML, like Gecko) Postman/4.4.3 Chrome/51.0.2704.103 Electron/1.2.5 Safari/537.36"

2016-10-03T11:58:13.749Z - info: 127.0.0.1 - - [03/Oct/2016:11:58:13 +0000] "GET /v2/areas HTTP/1.1" - - "-" "Mozilla/5.0 (Macintosh; Intel Mac OS X 10_11_6) AppleWebKit/537.36 (KHTML, like Gecko) Postman/4.4.3 Chrome/51.0.2704.103 Electron/1.2.5 Safari/537.36"

2016-10-03T11:58:39.969Z - info: 127.0.0.1 - - [03/Oct/2016:11:58:39 +0000] "GET /v2/areas HTTP/1.1" - - "-" "Mozilla/5.0 (Macintosh; Intel Mac OS X 10_11_6) AppleWebKit/537.36 (KHTML, like Gecko) Postman/4.4.3 Chrome/51.0.2704.103 Electron/1.2.5 Safari/537.36"

2016-10-03T12:00:41.620Z - info: 127.0.0.1 - - [03/Oct/2016:12:00:41 +0000] "GET /v2/areas HTTP/1.1" - - "-" "Mozilla/5.0 (Macintosh; Intel Mac OS X 10_11_6) AppleWebKit/537.36 (KHTML, like Gecko) Postman/4.4.3 Chrome/51.0.2704.103 Electron/1.2.5 Safari/537.36"

2016-10-03T12:15:47.970Z - error: uncaughtException: Unexpected string date=Mon Oct 03 2016 17:45:47 GMT+0530 (IST), pid=5490, uid=501, gid=20, cwd=/Users/anshulsharma/Desktop/chibleetestbackend, execPath=/usr/local/bin/node, version=v4.4.7, argv=[/usr/local/bin/node, /Users/anshulsharma/Desktop/chibleetestbackend/server.js], rss=96813056, heapTotal=70296672, heapUsed=40088960, loadavg=[1.36376953125, 1.82275390625, 1.9482421875], uptime=102033
SyntaxError: Unexpected string
    at exports.runInThisContext (vm.js:53:16)
    at Module._compile (module.js:373:25)
    at Object.Module._extensions..js (module.js:416:10)
    at Module.load (module.js:343:32)
    at Function.Module._load (module.js:300:12)
    at Module.require (module.js:353:17)
    at require (internal/module.js:12:17)
    at Object.<anonymous> (/Users/anshulsharma/Desktop/chibleetestbackend/modules/login/server/routes/login.server.routes.js:8:11)
    at Module._compile (module.js:409:26)
    at Object.Module._extensions..js (module.js:416:10)
    at Module.load (module.js:343:32)
    at Function.Module._load (module.js:300:12)
    at Module.require (module.js:353:17)
    at require (internal/module.js:12:17)
    at /Users/anshulsharma/Desktop/chibleetestbackend/config/lib/express.js:267:5
    at Array.forEach (native)
    at Object.module.exports.initModulesServerRoutes (/Users/anshulsharma/Desktop/chibleetestbackend/config/lib/express.js:266:30)
    at Object.module.exports.init (/Users/anshulsharma/Desktop/chibleetestbackend/config/lib/express.js:332:8)
    at /Users/anshulsharma/Desktop/chibleetestbackend/config/lib/app.js:46:27
    at /Users/anshulsharma/Desktop/chibleetestbackend/node_modules/mongodb/lib/mongo_client.js:210:11
    at nextTickCallbackWith0Args (node.js:420:9)
    at process._tickCallback (node.js:349:13)
2016-10-03T12:16:04.414Z - error: uncaughtException: Unexpected string date=Mon Oct 03 2016 17:46:04 GMT+0530 (IST), pid=5496, uid=501, gid=20, cwd=/Users/anshulsharma/Desktop/chibleetestbackend, execPath=/usr/local/bin/node, version=v4.4.7, argv=[/usr/local/bin/node, /Users/anshulsharma/Desktop/chibleetestbackend/server.js], rss=96464896, heapTotal=68232800, heapUsed=40879488, loadavg=[1.44287109375, 1.81494140625, 1.9423828125], uptime=102050
SyntaxError: Unexpected string
    at exports.runInThisContext (vm.js:53:16)
    at Module._compile (module.js:373:25)
    at Object.Module._extensions..js (module.js:416:10)
    at Module.load (module.js:343:32)
    at Function.Module._load (module.js:300:12)
    at Module.require (module.js:353:17)
    at require (internal/module.js:12:17)
    at Object.<anonymous> (/Users/anshulsharma/Desktop/chibleetestbackend/modules/login/server/routes/login.server.routes.js:8:11)
    at Module._compile (module.js:409:26)
    at Object.Module._extensions..js (module.js:416:10)
    at Module.load (module.js:343:32)
    at Function.Module._load (module.js:300:12)
    at Module.require (module.js:353:17)
    at require (internal/module.js:12:17)
    at /Users/anshulsharma/Desktop/chibleetestbackend/config/lib/express.js:267:5
    at Array.forEach (native)
    at Object.module.exports.initModulesServerRoutes (/Users/anshulsharma/Desktop/chibleetestbackend/config/lib/express.js:266:30)
    at Object.module.exports.init (/Users/anshulsharma/Desktop/chibleetestbackend/config/lib/express.js:332:8)
    at /Users/anshulsharma/Desktop/chibleetestbackend/config/lib/app.js:46:27
    at /Users/anshulsharma/Desktop/chibleetestbackend/node_modules/mongodb/lib/mongo_client.js:210:11
    at nextTickCallbackWith0Args (node.js:420:9)
    at process._tickCallback (node.js:349:13)
2016-10-03T12:16:09.584Z - error: uncaughtException: Unexpected string date=Mon Oct 03 2016 17:46:09 GMT+0530 (IST), pid=5499, uid=501, gid=20, cwd=/Users/anshulsharma/Desktop/chibleetestbackend, execPath=/usr/local/bin/node, version=v4.4.7, argv=[/usr/local/bin/node, /Users/anshulsharma/Desktop/chibleetestbackend/server.js], rss=96935936, heapTotal=70296672, heapUsed=40065304, loadavg=[1.4072265625, 1.80126953125, 1.9365234375], uptime=102055
SyntaxError: Unexpected string
    at exports.runInThisContext (vm.js:53:16)
    at Module._compile (module.js:373:25)
    at Object.Module._extensions..js (module.js:416:10)
    at Module.load (module.js:343:32)
    at Function.Module._load (module.js:300:12)
    at Module.require (module.js:353:17)
    at require (internal/module.js:12:17)
    at Object.<anonymous> (/Users/anshulsharma/Desktop/chibleetestbackend/modules/login/server/routes/login.server.routes.js:8:11)
    at Module._compile (module.js:409:26)
    at Object.Module._extensions..js (module.js:416:10)
    at Module.load (module.js:343:32)
    at Function.Module._load (module.js:300:12)
    at Module.require (module.js:353:17)
    at require (internal/module.js:12:17)
    at /Users/anshulsharma/Desktop/chibleetestbackend/config/lib/express.js:267:5
    at Array.forEach (native)
    at Object.module.exports.initModulesServerRoutes (/Users/anshulsharma/Desktop/chibleetestbackend/config/lib/express.js:266:30)
    at Object.module.exports.init (/Users/anshulsharma/Desktop/chibleetestbackend/config/lib/express.js:332:8)
    at /Users/anshulsharma/Desktop/chibleetestbackend/config/lib/app.js:46:27
    at /Users/anshulsharma/Desktop/chibleetestbackend/node_modules/mongodb/lib/mongo_client.js:210:11
    at nextTickCallbackWith0Args (node.js:420:9)
    at process._tickCallback (node.js:349:13)
2016-10-03T12:16:22.722Z - error: uncaughtException: Unexpected string date=Mon Oct 03 2016 17:46:22 GMT+0530 (IST), pid=5502, uid=501, gid=20, cwd=/Users/anshulsharma/Desktop/chibleetestbackend, execPath=/usr/local/bin/node, version=v4.4.7, argv=[/usr/local/bin/node, /Users/anshulsharma/Desktop/chibleetestbackend/server.js], rss=96968704, heapTotal=69264736, heapUsed=40087496, loadavg=[1.6845703125, 1.8427734375, 1.9482421875], uptime=102068
SyntaxError: Unexpected string
    at exports.runInThisContext (vm.js:53:16)
    at Module._compile (module.js:373:25)
    at Object.Module._extensions..js (module.js:416:10)
    at Module.load (module.js:343:32)
    at Function.Module._load (module.js:300:12)
    at Module.require (module.js:353:17)
    at require (internal/module.js:12:17)
    at Object.<anonymous> (/Users/anshulsharma/Desktop/chibleetestbackend/modules/login/server/routes/login.server.routes.js:8:11)
    at Module._compile (module.js:409:26)
    at Object.Module._extensions..js (module.js:416:10)
    at Module.load (module.js:343:32)
    at Function.Module._load (module.js:300:12)
    at Module.require (module.js:353:17)
    at require (internal/module.js:12:17)
    at /Users/anshulsharma/Desktop/chibleetestbackend/config/lib/express.js:267:5
    at Array.forEach (native)
    at Object.module.exports.initModulesServerRoutes (/Users/anshulsharma/Desktop/chibleetestbackend/config/lib/express.js:266:30)
    at Object.module.exports.init (/Users/anshulsharma/Desktop/chibleetestbackend/config/lib/express.js:332:8)
    at /Users/anshulsharma/Desktop/chibleetestbackend/config/lib/app.js:46:27
    at /Users/anshulsharma/Desktop/chibleetestbackend/node_modules/mongodb/lib/mongo_client.js:210:11
    at nextTickCallbackWith0Args (node.js:420:9)
    at process._tickCallback (node.js:349:13)
2016-10-03T12:16:54.284Z - error: uncaughtException: Unexpected string date=Mon Oct 03 2016 17:46:54 GMT+0530 (IST), pid=5512, uid=501, gid=20, cwd=/Users/anshulsharma/Desktop/chibleetestbackend, execPath=/usr/local/bin/node, version=v4.4.7, argv=[/usr/local/bin/node, /Users/anshulsharma/Desktop/chibleetestbackend/server.js], rss=95690752, heapTotal=68232800, heapUsed=40872728, loadavg=[1.939453125, 1.88818359375, 1.9599609375], uptime=102100
SyntaxError: Unexpected string
    at exports.runInThisContext (vm.js:53:16)
    at Module._compile (module.js:373:25)
    at Object.Module._extensions..js (module.js:416:10)
    at Module.load (module.js:343:32)
    at Function.Module._load (module.js:300:12)
    at Module.require (module.js:353:17)
    at require (internal/module.js:12:17)
    at Object.<anonymous> (/Users/anshulsharma/Desktop/chibleetestbackend/modules/login/server/routes/login.server.routes.js:8:11)
    at Module._compile (module.js:409:26)
    at Object.Module._extensions..js (module.js:416:10)
    at Module.load (module.js:343:32)
    at Function.Module._load (module.js:300:12)
    at Module.require (module.js:353:17)
    at require (internal/module.js:12:17)
    at /Users/anshulsharma/Desktop/chibleetestbackend/config/lib/express.js:267:5
    at Array.forEach (native)
    at Object.module.exports.initModulesServerRoutes (/Users/anshulsharma/Desktop/chibleetestbackend/config/lib/express.js:266:30)
    at Object.module.exports.init (/Users/anshulsharma/Desktop/chibleetestbackend/config/lib/express.js:332:8)
    at /Users/anshulsharma/Desktop/chibleetestbackend/config/lib/app.js:46:27
    at /Users/anshulsharma/Desktop/chibleetestbackend/node_modules/mongodb/lib/mongo_client.js:210:11
    at nextTickCallbackWith0Args (node.js:420:9)
    at process._tickCallback (node.js:349:13)
2016-10-03T12:17:11.649Z - error: uncaughtException: Unexpected string date=Mon Oct 03 2016 17:47:11 GMT+0530 (IST), pid=5515, uid=501, gid=20, cwd=/Users/anshulsharma/Desktop/chibleetestbackend, execPath=/usr/local/bin/node, version=v4.4.7, argv=[/usr/local/bin/node, /Users/anshulsharma/Desktop/chibleetestbackend/server.js], rss=97198080, heapTotal=69264736, heapUsed=40113728, loadavg=[2.0107421875, 1.90966796875, 1.9658203125], uptime=102117
SyntaxError: Unexpected string
    at exports.runInThisContext (vm.js:53:16)
    at Module._compile (module.js:373:25)
    at Object.Module._extensions..js (module.js:416:10)
    at Module.load (module.js:343:32)
    at Function.Module._load (module.js:300:12)
    at Module.require (module.js:353:17)
    at require (internal/module.js:12:17)
    at Object.<anonymous> (/Users/anshulsharma/Desktop/chibleetestbackend/modules/login/server/routes/login.server.routes.js:8:11)
    at Module._compile (module.js:409:26)
    at Object.Module._extensions..js (module.js:416:10)
    at Module.load (module.js:343:32)
    at Function.Module._load (module.js:300:12)
    at Module.require (module.js:353:17)
    at require (internal/module.js:12:17)
    at /Users/anshulsharma/Desktop/chibleetestbackend/config/lib/express.js:267:5
    at Array.forEach (native)
    at Object.module.exports.initModulesServerRoutes (/Users/anshulsharma/Desktop/chibleetestbackend/config/lib/express.js:266:30)
    at Object.module.exports.init (/Users/anshulsharma/Desktop/chibleetestbackend/config/lib/express.js:332:8)
    at /Users/anshulsharma/Desktop/chibleetestbackend/config/lib/app.js:46:27
    at /Users/anshulsharma/Desktop/chibleetestbackend/node_modules/mongodb/lib/mongo_client.js:210:11
    at nextTickCallbackWith0Args (node.js:420:9)
    at process._tickCallback (node.js:349:13)
2016-10-03T12:17:15.570Z - error: uncaughtException: Unexpected string date=Mon Oct 03 2016 17:47:15 GMT+0530 (IST), pid=5518, uid=501, gid=20, cwd=/Users/anshulsharma/Desktop/chibleetestbackend, execPath=/usr/local/bin/node, version=v4.4.7, argv=[/usr/local/bin/node, /Users/anshulsharma/Desktop/chibleetestbackend/server.js], rss=97476608, heapTotal=70296672, heapUsed=40066648, loadavg=[2.0107421875, 1.90966796875, 1.9658203125], uptime=102121
SyntaxError: Unexpected string
    at exports.runInThisContext (vm.js:53:16)
    at Module._compile (module.js:373:25)
    at Object.Module._extensions..js (module.js:416:10)
    at Module.load (module.js:343:32)
    at Function.Module._load (module.js:300:12)
    at Module.require (module.js:353:17)
    at require (internal/module.js:12:17)
    at Object.<anonymous> (/Users/anshulsharma/Desktop/chibleetestbackend/modules/login/server/routes/login.server.routes.js:8:11)
    at Module._compile (module.js:409:26)
    at Object.Module._extensions..js (module.js:416:10)
    at Module.load (module.js:343:32)
    at Function.Module._load (module.js:300:12)
    at Module.require (module.js:353:17)
    at require (internal/module.js:12:17)
    at /Users/anshulsharma/Desktop/chibleetestbackend/config/lib/express.js:267:5
    at Array.forEach (native)
    at Object.module.exports.initModulesServerRoutes (/Users/anshulsharma/Desktop/chibleetestbackend/config/lib/express.js:266:30)
    at Object.module.exports.init (/Users/anshulsharma/Desktop/chibleetestbackend/config/lib/express.js:332:8)
    at /Users/anshulsharma/Desktop/chibleetestbackend/config/lib/app.js:46:27
    at /Users/anshulsharma/Desktop/chibleetestbackend/node_modules/mongodb/lib/mongo_client.js:210:11
    at nextTickCallbackWith0Args (node.js:420:9)
    at process._tickCallback (node.js:349:13)
2016-10-03T12:17:43.068Z - info: 127.0.0.1 - - [03/Oct/2016:12:17:43 +0000] "GET /v2/areas HTTP/1.1" 400 28 "-" "Mozilla/5.0 (Macintosh; Intel Mac OS X 10_11_6) AppleWebKit/537.36 (KHTML, like Gecko) Postman/4.4.3 Chrome/51.0.2704.103 Electron/1.2.5 Safari/537.36"

2016-10-03T12:18:01.400Z - info: 127.0.0.1 - - [03/Oct/2016:12:18:01 +0000] "GET /v2/areas HTTP/1.1" 200 92 "-" "Mozilla/5.0 (Macintosh; Intel Mac OS X 10_11_6) AppleWebKit/537.36 (KHTML, like Gecko) Postman/4.4.3 Chrome/51.0.2704.103 Electron/1.2.5 Safari/537.36"

2016-10-03T12:19:06.386Z - error: uncaughtException: missing ) after argument list date=Mon Oct 03 2016 17:49:06 GMT+0530 (IST), pid=5531, uid=501, gid=20, cwd=/Users/anshulsharma/Desktop/chibleetestbackend, execPath=/usr/local/bin/node, version=v4.4.7, argv=[/usr/local/bin/node, /Users/anshulsharma/Desktop/chibleetestbackend/server.js], rss=97095680, heapTotal=70296672, heapUsed=40063288, loadavg=[2.03466796875, 1.93310546875, 1.9658203125], uptime=102232
SyntaxError: missing ) after argument list
    at exports.runInThisContext (vm.js:53:16)
    at Module._compile (module.js:373:25)
    at Object.Module._extensions..js (module.js:416:10)
    at Module.load (module.js:343:32)
    at Function.Module._load (module.js:300:12)
    at Module.require (module.js:353:17)
    at require (internal/module.js:12:17)
    at Object.<anonymous> (/Users/anshulsharma/Desktop/chibleetestbackend/modules/login/server/routes/login.server.routes.js:8:11)
    at Module._compile (module.js:409:26)
    at Object.Module._extensions..js (module.js:416:10)
    at Module.load (module.js:343:32)
    at Function.Module._load (module.js:300:12)
    at Module.require (module.js:353:17)
    at require (internal/module.js:12:17)
    at /Users/anshulsharma/Desktop/chibleetestbackend/config/lib/express.js:267:5
    at Array.forEach (native)
    at Object.module.exports.initModulesServerRoutes (/Users/anshulsharma/Desktop/chibleetestbackend/config/lib/express.js:266:30)
    at Object.module.exports.init (/Users/anshulsharma/Desktop/chibleetestbackend/config/lib/express.js:332:8)
    at /Users/anshulsharma/Desktop/chibleetestbackend/config/lib/app.js:46:27
    at /Users/anshulsharma/Desktop/chibleetestbackend/node_modules/mongodb/lib/mongo_client.js:210:11
    at nextTickCallbackWith0Args (node.js:420:9)
    at process._tickCallback (node.js:349:13)
2016-10-03T12:19:22.046Z - error: uncaughtException: missing ) after argument list date=Mon Oct 03 2016 17:49:22 GMT+0530 (IST), pid=5537, uid=501, gid=20, cwd=/Users/anshulsharma/Desktop/chibleetestbackend, execPath=/usr/local/bin/node, version=v4.4.7, argv=[/usr/local/bin/node, /Users/anshulsharma/Desktop/chibleetestbackend/server.js], rss=96890880, heapTotal=70296672, heapUsed=40058784, loadavg=[1.8203125, 1.88818359375, 1.9482421875], uptime=102248
SyntaxError: missing ) after argument list
    at exports.runInThisContext (vm.js:53:16)
    at Module._compile (module.js:373:25)
    at Object.Module._extensions..js (module.js:416:10)
    at Module.load (module.js:343:32)
    at Function.Module._load (module.js:300:12)
    at Module.require (module.js:353:17)
    at require (internal/module.js:12:17)
    at Object.<anonymous> (/Users/anshulsharma/Desktop/chibleetestbackend/modules/login/server/routes/login.server.routes.js:8:11)
    at Module._compile (module.js:409:26)
    at Object.Module._extensions..js (module.js:416:10)
    at Module.load (module.js:343:32)
    at Function.Module._load (module.js:300:12)
    at Module.require (module.js:353:17)
    at require (internal/module.js:12:17)
    at /Users/anshulsharma/Desktop/chibleetestbackend/config/lib/express.js:267:5
    at Array.forEach (native)
    at Object.module.exports.initModulesServerRoutes (/Users/anshulsharma/Desktop/chibleetestbackend/config/lib/express.js:266:30)
    at Object.module.exports.init (/Users/anshulsharma/Desktop/chibleetestbackend/config/lib/express.js:332:8)
    at /Users/anshulsharma/Desktop/chibleetestbackend/config/lib/app.js:46:27
    at /Users/anshulsharma/Desktop/chibleetestbackend/node_modules/mongodb/lib/mongo_client.js:210:11
    at nextTickCallbackWith0Args (node.js:420:9)
    at process._tickCallback (node.js:349:13)
2016-10-03T12:20:01.391Z - error: uncaughtException: missing ) after argument list date=Mon Oct 03 2016 17:50:01 GMT+0530 (IST), pid=5541, uid=501, gid=20, cwd=/Users/anshulsharma/Desktop/chibleetestbackend, execPath=/usr/local/bin/node, version=v4.4.7, argv=[/usr/local/bin/node, /Users/anshulsharma/Desktop/chibleetestbackend/server.js], rss=95571968, heapTotal=68232800, heapUsed=40877520, loadavg=[1.8583984375, 1.89697265625, 1.9482421875], uptime=102287
SyntaxError: missing ) after argument list
    at exports.runInThisContext (vm.js:53:16)
    at Module._compile (module.js:373:25)
    at Object.Module._extensions..js (module.js:416:10)
    at Module.load (module.js:343:32)
    at Function.Module._load (module.js:300:12)
    at Module.require (module.js:353:17)
    at require (internal/module.js:12:17)
    at Object.<anonymous> (/Users/anshulsharma/Desktop/chibleetestbackend/modules/login/server/routes/login.server.routes.js:8:11)
    at Module._compile (module.js:409:26)
    at Object.Module._extensions..js (module.js:416:10)
    at Module.load (module.js:343:32)
    at Function.Module._load (module.js:300:12)
    at Module.require (module.js:353:17)
    at require (internal/module.js:12:17)
    at /Users/anshulsharma/Desktop/chibleetestbackend/config/lib/express.js:267:5
    at Array.forEach (native)
    at Object.module.exports.initModulesServerRoutes (/Users/anshulsharma/Desktop/chibleetestbackend/config/lib/express.js:266:30)
    at Object.module.exports.init (/Users/anshulsharma/Desktop/chibleetestbackend/config/lib/express.js:332:8)
    at /Users/anshulsharma/Desktop/chibleetestbackend/config/lib/app.js:46:27
    at /Users/anshulsharma/Desktop/chibleetestbackend/node_modules/mongodb/lib/mongo_client.js:210:11
    at nextTickCallbackWith0Args (node.js:420:9)
    at process._tickCallback (node.js:349:13)
2016-10-03T12:21:08.239Z - info: 127.0.0.1 - - [03/Oct/2016:12:21:08 +0000] "GET /v2/areas HTTP/1.1" 200 - "-" "Mozilla/5.0 (Macintosh; Intel Mac OS X 10_11_6) AppleWebKit/537.36 (KHTML, like Gecko) Postman/4.4.3 Chrome/51.0.2704.103 Electron/1.2.5 Safari/537.36"

2016-10-04T06:14:14.836Z - error: uncaughtException: Cannot find module 'dedupe' date=Tue Oct 04 2016 11:44:14 GMT+0530 (IST), pid=9118, uid=501, gid=20, cwd=/Users/anshulsharma/Desktop/chibleetestbackend, execPath=/usr/local/bin/node, version=v4.4.7, argv=[/usr/local/bin/node, /Users/anshulsharma/Desktop/chibleetestbackend/server.js], rss=107356160, heapTotal=78577248, heapUsed=49690888, loadavg=[2.3623046875, 2.1728515625, 2.2939453125], uptime=166740
Error: Cannot find module 'dedupe'
    at Function.Module._resolveFilename (module.js:325:15)
    at Function.Module._load (module.js:276:25)
    at Module.require (module.js:353:17)
    at require (internal/module.js:12:17)
    at Object.<anonymous> (/Users/anshulsharma/Desktop/chibleetestbackend/modules/login/server/controllers/login.server.controller.js:26:14)
    at Module._compile (module.js:409:26)
    at Object.Module._extensions..js (module.js:416:10)
    at Module.load (module.js:343:32)
    at Function.Module._load (module.js:300:12)
    at Module.require (module.js:353:17)
    at require (internal/module.js:12:17)
    at Object.<anonymous> (/Users/anshulsharma/Desktop/chibleetestbackend/modules/login/server/routes/login.server.routes.js:8:11)
    at Module._compile (module.js:409:26)
    at Object.Module._extensions..js (module.js:416:10)
    at Module.load (module.js:343:32)
    at Function.Module._load (module.js:300:12)
    at Module.require (module.js:353:17)
    at require (internal/module.js:12:17)
    at /Users/anshulsharma/Desktop/chibleetestbackend/config/lib/express.js:267:5
    at Array.forEach (native)
    at Object.module.exports.initModulesServerRoutes (/Users/anshulsharma/Desktop/chibleetestbackend/config/lib/express.js:266:30)
    at Object.module.exports.init (/Users/anshulsharma/Desktop/chibleetestbackend/config/lib/express.js:332:8)
    at /Users/anshulsharma/Desktop/chibleetestbackend/config/lib/app.js:46:27
    at /Users/anshulsharma/Desktop/chibleetestbackend/node_modules/mongodb/lib/mongo_client.js:210:11
    at nextTickCallbackWith0Args (node.js:420:9)
    at process._tickCallback (node.js:349:13)
2016-10-04T06:14:17.340Z - error: uncaughtException: Cannot find module 'dedupe' date=Tue Oct 04 2016 11:44:17 GMT+0530 (IST), pid=9121, uid=501, gid=20, cwd=/Users/anshulsharma/Desktop/chibleetestbackend, execPath=/usr/local/bin/node, version=v4.4.7, argv=[/usr/local/bin/node, /Users/anshulsharma/Desktop/chibleetestbackend/server.js], rss=108605440, heapTotal=78577248, heapUsed=49614224, loadavg=[2.2529296875, 2.1533203125, 2.2861328125], uptime=166743
Error: Cannot find module 'dedupe'
    at Function.Module._resolveFilename (module.js:325:15)
    at Function.Module._load (module.js:276:25)
    at Module.require (module.js:353:17)
    at require (internal/module.js:12:17)
    at Object.<anonymous> (/Users/anshulsharma/Desktop/chibleetestbackend/modules/login/server/controllers/login.server.controller.js:26:14)
    at Module._compile (module.js:409:26)
    at Object.Module._extensions..js (module.js:416:10)
    at Module.load (module.js:343:32)
    at Function.Module._load (module.js:300:12)
    at Module.require (module.js:353:17)
    at require (internal/module.js:12:17)
    at Object.<anonymous> (/Users/anshulsharma/Desktop/chibleetestbackend/modules/login/server/routes/login.server.routes.js:8:11)
    at Module._compile (module.js:409:26)
    at Object.Module._extensions..js (module.js:416:10)
    at Module.load (module.js:343:32)
    at Function.Module._load (module.js:300:12)
    at Module.require (module.js:353:17)
    at require (internal/module.js:12:17)
    at /Users/anshulsharma/Desktop/chibleetestbackend/config/lib/express.js:267:5
    at Array.forEach (native)
    at Object.module.exports.initModulesServerRoutes (/Users/anshulsharma/Desktop/chibleetestbackend/config/lib/express.js:266:30)
    at Object.module.exports.init (/Users/anshulsharma/Desktop/chibleetestbackend/config/lib/express.js:332:8)
    at /Users/anshulsharma/Desktop/chibleetestbackend/config/lib/app.js:46:27
    at /Users/anshulsharma/Desktop/chibleetestbackend/node_modules/mongodb/lib/mongo_client.js:210:11
    at nextTickCallbackWith0Args (node.js:420:9)
    at process._tickCallback (node.js:349:13)
2016-10-04T06:16:34.466Z - error: uncaughtException: missing ) after argument list date=Tue Oct 04 2016 11:46:34 GMT+0530 (IST), pid=9148, uid=501, gid=20, cwd=/Users/anshulsharma/Desktop/chibleetestbackend, execPath=/usr/local/bin/node, version=v4.4.7, argv=[/usr/local/bin/node, /Users/anshulsharma/Desktop/chibleetestbackend/server.js], rss=96145408, heapTotal=68232800, heapUsed=40862560, loadavg=[2.62060546875, 2.19482421875, 2.27001953125], uptime=166880
SyntaxError: missing ) after argument list
    at exports.runInThisContext (vm.js:53:16)
    at Module._compile (module.js:373:25)
    at Object.Module._extensions..js (module.js:416:10)
    at Module.load (module.js:343:32)
    at Function.Module._load (module.js:300:12)
    at Module.require (module.js:353:17)
    at require (internal/module.js:12:17)
    at Object.<anonymous> (/Users/anshulsharma/Desktop/chibleetestbackend/modules/login/server/routes/login.server.routes.js:8:11)
    at Module._compile (module.js:409:26)
    at Object.Module._extensions..js (module.js:416:10)
    at Module.load (module.js:343:32)
    at Function.Module._load (module.js:300:12)
    at Module.require (module.js:353:17)
    at require (internal/module.js:12:17)
    at /Users/anshulsharma/Desktop/chibleetestbackend/config/lib/express.js:267:5
    at Array.forEach (native)
    at Object.module.exports.initModulesServerRoutes (/Users/anshulsharma/Desktop/chibleetestbackend/config/lib/express.js:266:30)
    at Object.module.exports.init (/Users/anshulsharma/Desktop/chibleetestbackend/config/lib/express.js:332:8)
    at /Users/anshulsharma/Desktop/chibleetestbackend/config/lib/app.js:46:27
    at /Users/anshulsharma/Desktop/chibleetestbackend/node_modules/mongodb/lib/mongo_client.js:210:11
    at nextTickCallbackWith0Args (node.js:420:9)
    at process._tickCallback (node.js:349:13)
2016-10-04T06:16:47.116Z - error: uncaughtException: missing ) after argument list date=Tue Oct 04 2016 11:46:47 GMT+0530 (IST), pid=9158, uid=501, gid=20, cwd=/Users/anshulsharma/Desktop/chibleetestbackend, execPath=/usr/local/bin/node, version=v4.4.7, argv=[/usr/local/bin/node, /Users/anshulsharma/Desktop/chibleetestbackend/server.js], rss=97460224, heapTotal=69264736, heapUsed=40063552, loadavg=[2.5185546875, 2.1875, 2.26611328125], uptime=166893
SyntaxError: missing ) after argument list
    at exports.runInThisContext (vm.js:53:16)
    at Module._compile (module.js:373:25)
    at Object.Module._extensions..js (module.js:416:10)
    at Module.load (module.js:343:32)
    at Function.Module._load (module.js:300:12)
    at Module.require (module.js:353:17)
    at require (internal/module.js:12:17)
    at Object.<anonymous> (/Users/anshulsharma/Desktop/chibleetestbackend/modules/login/server/routes/login.server.routes.js:8:11)
    at Module._compile (module.js:409:26)
    at Object.Module._extensions..js (module.js:416:10)
    at Module.load (module.js:343:32)
    at Function.Module._load (module.js:300:12)
    at Module.require (module.js:353:17)
    at require (internal/module.js:12:17)
    at /Users/anshulsharma/Desktop/chibleetestbackend/config/lib/express.js:267:5
    at Array.forEach (native)
    at Object.module.exports.initModulesServerRoutes (/Users/anshulsharma/Desktop/chibleetestbackend/config/lib/express.js:266:30)
    at Object.module.exports.init (/Users/anshulsharma/Desktop/chibleetestbackend/config/lib/express.js:332:8)
    at /Users/anshulsharma/Desktop/chibleetestbackend/config/lib/app.js:46:27
    at /Users/anshulsharma/Desktop/chibleetestbackend/node_modules/mongodb/lib/mongo_client.js:210:11
    at nextTickCallbackWith0Args (node.js:420:9)
    at process._tickCallback (node.js:349:13)
2016-10-04T06:17:46.070Z - error: uncaughtException: missing ) after argument list date=Tue Oct 04 2016 11:47:46 GMT+0530 (IST), pid=9179, uid=501, gid=20, cwd=/Users/anshulsharma/Desktop/chibleetestbackend, execPath=/usr/local/bin/node, version=v4.4.7, argv=[/usr/local/bin/node, /Users/anshulsharma/Desktop/chibleetestbackend/server.js], rss=97955840, heapTotal=70296672, heapUsed=40069328, loadavg=[2.3623046875, 2.185546875, 2.25634765625], uptime=166952
SyntaxError: missing ) after argument list
    at exports.runInThisContext (vm.js:53:16)
    at Module._compile (module.js:373:25)
    at Object.Module._extensions..js (module.js:416:10)
    at Module.load (module.js:343:32)
    at Function.Module._load (module.js:300:12)
    at Module.require (module.js:353:17)
    at require (internal/module.js:12:17)
    at Object.<anonymous> (/Users/anshulsharma/Desktop/chibleetestbackend/modules/login/server/routes/login.server.routes.js:8:11)
    at Module._compile (module.js:409:26)
    at Object.Module._extensions..js (module.js:416:10)
    at Module.load (module.js:343:32)
    at Function.Module._load (module.js:300:12)
    at Module.require (module.js:353:17)
    at require (internal/module.js:12:17)
    at /Users/anshulsharma/Desktop/chibleetestbackend/config/lib/express.js:267:5
    at Array.forEach (native)
    at Object.module.exports.initModulesServerRoutes (/Users/anshulsharma/Desktop/chibleetestbackend/config/lib/express.js:266:30)
    at Object.module.exports.init (/Users/anshulsharma/Desktop/chibleetestbackend/config/lib/express.js:332:8)
    at /Users/anshulsharma/Desktop/chibleetestbackend/config/lib/app.js:46:27
    at /Users/anshulsharma/Desktop/chibleetestbackend/node_modules/mongodb/lib/mongo_client.js:210:11
    at nextTickCallbackWith0Args (node.js:420:9)
    at process._tickCallback (node.js:349:13)
2016-10-04T06:18:49.838Z - info: 127.0.0.1 - - [04/Oct/2016:06:18:49 +0000] "GET /v2/areas HTTP/1.1" 400 28 "-" "Mozilla/5.0 (Macintosh; Intel Mac OS X 10_11_6) AppleWebKit/537.36 (KHTML, like Gecko) Postman/4.4.3 Chrome/51.0.2704.103 Electron/1.2.5 Safari/537.36"

2016-10-04T06:19:25.036Z - info: 127.0.0.1 - - [04/Oct/2016:06:19:25 +0000] "GET /v2/areas HTTP/1.1" 200 - "-" "Mozilla/5.0 (Macintosh; Intel Mac OS X 10_11_6) AppleWebKit/537.36 (KHTML, like Gecko) Postman/4.4.3 Chrome/51.0.2704.103 Electron/1.2.5 Safari/537.36"

2016-10-04T07:08:33.459Z - info: 127.0.0.1 - - [04/Oct/2016:07:08:33 +0000] "GET /v2/areas HTTP/1.1" 200 - "-" "Mozilla/5.0 (Macintosh; Intel Mac OS X 10_11_6) AppleWebKit/537.36 (KHTML, like Gecko) Postman/4.4.3 Chrome/51.0.2704.103 Electron/1.2.5 Safari/537.36"

2016-10-04T07:12:09.840Z - info: 127.0.0.1 - - [04/Oct/2016:07:12:09 +0000] "GET /v2/areas HTTP/1.1" 200 - "-" "Mozilla/5.0 (Macintosh; Intel Mac OS X 10_11_6) AppleWebKit/537.36 (KHTML, like Gecko) Postman/4.4.3 Chrome/51.0.2704.103 Electron/1.2.5 Safari/537.36"

